2013-03-29 09:54:06+0000 [scrapy] INFO: Scrapy 0.16.4 started (bot: scraper)
2013-03-29 09:54:16+0000 [sky] INFO: Spider opened
2013-03-29 09:54:16+0000 [sky] INFO: Crawled 0 pages (at 0 pages/min), scraped 0 items (at 0 items/min)
2013-03-29 09:54:26+0000 [sky] INFO: Closing spider (finished)
2013-03-29 09:54:26+0000 [sky] INFO: Stored json feed (62 items) in: /Users/Mark/Projects/scraper/.scrapy/scrapyd/items/default/sky/95625cd7985611e29b1e58b035f2eb46.jl
2013-03-29 09:54:26+0000 [sky] INFO: Dumping Scrapy stats:
	{'downloader/request_bytes': 1046,
	 'downloader/request_count': 2,
	 'downloader/request_method_count/GET': 2,
	 'downloader/response_bytes': 30111,
	 'downloader/response_count': 2,
	 'downloader/response_status_count/200': 1,
	 'downloader/response_status_count/301': 1,
	 'finish_reason': 'finished',
	 'finish_time': datetime.datetime(2013, 3, 29, 9, 54, 26, 707644),
	 'item_scraped_count': 62,
	 'log_count/INFO': 5,
	 'response_received_count': 1,
	 'scheduler/dequeued': 2,
	 'scheduler/dequeued/memory': 2,
	 'scheduler/enqueued': 2,
	 'scheduler/enqueued/memory': 2,
	 'start_time': datetime.datetime(2013, 3, 29, 9, 54, 16, 845896)}
2013-03-29 09:54:26+0000 [sky] INFO: Spider closed (finished)
