2013-03-29 09:48:46+0000 [scrapy] INFO: Scrapy 0.16.4 started (bot: scraper)
2013-03-29 09:48:53+0000 [sky] INFO: Spider opened
2013-03-29 09:48:53+0000 [sky] INFO: Crawled 0 pages (at 0 pages/min), scraped 0 items (at 0 items/min)
2013-03-29 09:48:54+0000 [sky] INFO: Closing spider (finished)
2013-03-29 09:48:54+0000 [sky] INFO: Dumping Scrapy stats:
	{'downloader/request_bytes': 251,
	 'downloader/request_count': 1,
	 'downloader/request_method_count/GET': 1,
	 'downloader/response_bytes': 17287,
	 'downloader/response_count': 1,
	 'downloader/response_status_count/404': 1,
	 'finish_reason': 'finished',
	 'finish_time': datetime.datetime(2013, 3, 29, 9, 48, 54, 635592),
	 'log_count/INFO': 4,
	 'response_received_count': 1,
	 'scheduler/dequeued': 1,
	 'scheduler/dequeued/memory': 1,
	 'scheduler/enqueued': 1,
	 'scheduler/enqueued/memory': 1,
	 'start_time': datetime.datetime(2013, 3, 29, 9, 48, 53, 861904)}
2013-03-29 09:48:54+0000 [sky] INFO: Spider closed (finished)
